<?xml version="1.0" encoding="UTF-8"?>
<testsuite name="administrar la cuenta de usuario" tests="1" skipped="0" failures="0" errors="0" timestamp="2022-01-04T21:57:39" hostname="22LAP5CG0523WW5" time="23.685">
  <properties/>
  <testcase name="el usuario deberia poder editar y hacer cambios como su contraseña" classname="administrar la cuenta de usuario" time="23.685"/>
  <system-out><![CDATA[16:57:40.435 [Test worker] INFO net.serenitybdd.core.webdriver.driverproviders.ProvideNewDriver - Instantiating driver
16:57:40.435 [Test worker] INFO net.serenitybdd.core.webdriver.driverproviders.ProvideNewDriver - Driver capabilities: Capabilities {acceptInsecureCerts: false, acceptSslCerts: true, browserName: chrome, goog:chromeOptions: {args: [], extensions: []}, incognito: true, loggingPrefs: org.openqa.selenium.logging..., platform: ANY, version: }
16:57:56.714 [Test worker] DEBUG net.serenitybdd.core.photography.Darkroom - Opening darkroom
16:57:56.717 [Darkroom Processing Line] DEBUG net.serenitybdd.core.photography.DarkroomProcessingLine - Darkroom processing line starting up
16:57:58.104 [Test worker] DEBUG net.serenitybdd.core.photography.Darkroom - Send negative for processing for C:\Users\SoporteTI\Documents\JAVA\Repositorio\ESCENARIOS OUTLINE\HU4\target\site\serenity\6764e7643529f7df813fb38f07e38ad7c8fb79f9f83557efadea67e302c9b52d.png
16:58:00.608 [Test worker] DEBUG net.serenitybdd.core.photography.Darkroom - Send negative for processing for C:\Users\SoporteTI\Documents\JAVA\Repositorio\ESCENARIOS OUTLINE\HU4\target\site\serenity\615ab8294bbe4fbec4df483ef8dde586a974b4fd663d1138fc1aad7488a7da4f.png
16:58:00.611 [Darkroom Processing Line] DEBUG net.serenitybdd.core.photography.DarkroomProcessingLine - Processing screenshot image in /var/screenshots/screenshot-3958606522744946321
16:58:00.611 [Darkroom Processing Line] DEBUG net.serenitybdd.core.photography.DarkroomProcessingLine - Saving screenshot to C:\Users\SoporteTI\Documents\JAVA\Repositorio\ESCENARIOS OUTLINE\HU4\target\site\serenity\615ab8294bbe4fbec4df483ef8dde586a974b4fd663d1138fc1aad7488a7da4f.png
16:58:01.000 [Test worker] DEBUG net.serenitybdd.core.photography.Darkroom - Send negative for processing for C:\Users\SoporteTI\Documents\JAVA\Repositorio\ESCENARIOS OUTLINE\HU4\target\site\serenity\5fb4f76c9065c3295cba0b78531fd3b838d5e8fea55369de3a6437998fdcf6e7.png
16:58:01.003 [Darkroom Processing Line] DEBUG net.serenitybdd.core.photography.DarkroomProcessingLine - Processing screenshot image in /var/screenshots/screenshot-1969648470583994978
16:58:01.003 [Darkroom Processing Line] DEBUG net.serenitybdd.core.photography.DarkroomProcessingLine - Saving screenshot to C:\Users\SoporteTI\Documents\JAVA\Repositorio\ESCENARIOS OUTLINE\HU4\target\site\serenity\5fb4f76c9065c3295cba0b78531fd3b838d5e8fea55369de3a6437998fdcf6e7.png
16:58:01.298 [Test worker] DEBUG net.serenitybdd.core.photography.Darkroom - Send negative for processing for C:\Users\SoporteTI\Documents\JAVA\Repositorio\ESCENARIOS OUTLINE\HU4\target\site\serenity\5fb4f76c9065c3295cba0b78531fd3b838d5e8fea55369de3a6437998fdcf6e7.png
16:58:02.892 [Test worker] INFO net.thucydides.core.steps.ConsoleLoggingListener - ?[92m
        __    _____ _____ ____ _____   ____   _    ____  ____  _____ ____  
  _     \ \  |_   _| ____/ ___|_   _| |  _ \ / \  / ___|/ ___|| ____|  _ \ 
 (_)_____| |   | | |  _| \___ \ | |   | |_) / _ \ \___ \\___ \|  _| | | | |
  _|_____| |   | | | |___ ___) || |   |  __/ ___ \ ___) |___) | |___| |_| |
 (_)     | |   |_| |_____|____/ |_|   |_| /_/   \_\____/|____/|_____|____/ 
        /_/                                                                

TEST PASSED: el usuario deberia poder editar y hacer cambios como su contraseña
----------------------------------------------------------------------------?[0m
]]></system-out>
  <system-err><![CDATA[ene 04, 2022 4:57:39 PM org.openqa.selenium.remote.DesiredCapabilities chrome
INFORMACIÓN: Using `new ChromeOptions()` is preferred to `DesiredCapabilities.chrome()`
Starting ChromeDriver 96.0.4664.45 (76e4c1bb2ab4671b8beba3444e61c0f17584b2fc-refs/branch-heads/4664@{#947}) on port 27001
Only local connections are allowed.
Please see https://chromedriver.chromium.org/security-considerations for suggestions on keeping ChromeDriver safe.
ChromeDriver was started successfully.
ene 04, 2022 4:57:49 PM org.openqa.selenium.remote.ProtocolHandshake createSession
INFORMACIÓN: Detected dialect: W3C
]]></system-err>
</testsuite>
